<?xml version="1.0" encoding="UTF-8"?>
<!-- Generated by org.testng.reporters.JUnitReportReporter -->
<testsuite skipped="0" hostname="Aone" name="com.javaScript.JavaScriptExecutorEx" tests="1" failures="0" timestamp="2023-07-31T14:45:28 IST" time="5.902" errors="0">
  <testcase name="testScroll" time="5.902" classname="com.javaScript.JavaScriptExecutorEx"/>
  <system-out/>
</testsuite> <!-- com.javaScript.JavaScriptExecutorEx -->
