<?xml version="1.0" encoding="UTF-8"?>
<!-- Generated by org.testng.reporters.JUnitReportReporter -->
<testsuite hostname="LAPTOP-Q4EQMJ7N" failures="0" tests="1" name="com.writeSheet.WriteExcelSheet" time="2.155" errors="0" timestamp="2022-11-12T12:21:13 IST" skipped="0">
  <testcase classname="com.writeSheet.WriteExcelSheet" name="test01" time="2.155"/>
  <system-out/>
</testsuite> <!-- com.writeSheet.WriteExcelSheet -->
