<?xml version="1.0" encoding="UTF-8"?>
<!-- Generated by org.testng.reporters.JUnitReportReporter -->
<testsuite hostname="LAPTOP-Q4EQMJ7N" failures="0" tests="1" name="com.jbk.exelsheetRead.ReadExcel" time="0.779" errors="0" timestamp="2022-11-10T17:48:01 IST" skipped="0">
  <testcase classname="com.jbk.exelsheetRead.ReadExcel" name="test01" time="0.779"/>
  <system-out/>
</testsuite> <!-- com.jbk.exelsheetRead.ReadExcel -->
